L 04/21/2018 - 14:17:25: Log file started (file "logs/L0421004.log") (game "cstrike") (version "48/1.1.2.7/Stdio/1455")
L 04/21/2018 - 14:17:25: Loading map "de_dust2"
L 04/21/2018 - 14:17:25: Server cvars start
L 04/21/2018 - 14:17:25: Server cvar "allow_spectators" = "1.0"
L 04/21/2018 - 14:17:25: Server cvar "coop" = "0"
L 04/21/2018 - 14:17:25: Server cvar "deathmatch" = "1"
L 04/21/2018 - 14:17:25: Server cvar "decalfrequency" = "30"
L 04/21/2018 - 14:17:25: Server cvar "edgefriction" = "2"
L 04/21/2018 - 14:17:25: Server cvar "game_version" = "5.7.0.301-dev"
L 04/21/2018 - 14:17:25: Server cvar "humans_join_team" = "any"
L 04/21/2018 - 14:17:25: Server cvar "max_queries_sec" = "3.0"
L 04/21/2018 - 14:17:25: Server cvar "max_queries_sec_global" = "30"
L 04/21/2018 - 14:17:25: Server cvar "max_queries_window" = "60"
L 04/21/2018 - 14:17:25: Server cvar "mp_autokick" = "1"
L 04/21/2018 - 14:17:25: Server cvar "mp_autokick_timeout" = "-1"
L 04/21/2018 - 14:17:25: Server cvar "mp_autoteambalance" = "1"
L 04/21/2018 - 14:17:25: Server cvar "mp_buytime" = "0.15"
L 04/21/2018 - 14:17:25: Server cvar "mp_c4timer" = "45"
L 04/21/2018 - 14:17:25: Server cvar "mp_chattime" = "10"
L 04/21/2018 - 14:17:25: Server cvar "mp_consistency" = "1"
L 04/21/2018 - 14:17:25: Server cvar "mp_fadetoblack" = "0"
L 04/21/2018 - 14:17:25: Server cvar "mp_flashlight" = "0"
L 04/21/2018 - 14:17:25: Server cvar "mp_footsteps" = "1"
L 04/21/2018 - 14:17:25: Server cvar "mp_forcecamera" = "0"
L 04/21/2018 - 14:17:25: Server cvar "mp_forcechasecam" = "0"
L 04/21/2018 - 14:17:25: Server cvar "mp_forcerespawn" = "0"
L 04/21/2018 - 14:17:25: Server cvar "mp_fraglimit" = "0"
L 04/21/2018 - 14:17:25: Server cvar "mp_fragsleft" = "0"
L 04/21/2018 - 14:17:25: Server cvar "mp_freeforall" = "0"
L 04/21/2018 - 14:17:25: Server cvar "mp_freezetime" = "6"
L 04/21/2018 - 14:17:25: Server cvar "mp_friendlyfire" = "0"
L 04/21/2018 - 14:17:25: Server cvar "mp_hostage_hurtable" = "0"
L 04/21/2018 - 14:17:25: Server cvar "mp_hostagepenalty" = "13"
L 04/21/2018 - 14:17:25: Server cvar "mp_item_staytime" = "300"
L 04/21/2018 - 14:17:25: Server cvar "mp_kickpercent" = "0.66"
L 04/21/2018 - 14:17:25: Server cvar "mp_legacy_bombtarget_touch" = "1"
L 04/21/2018 - 14:17:25: Server cvar "mp_limitteams" = "2"
L 04/21/2018 - 14:17:25: Server cvar "mp_logdetail" = "0"
L 04/21/2018 - 14:17:25: Server cvar "mp_logfile" = "1"
L 04/21/2018 - 14:17:25: Server cvar "mp_logmessages" = "1"
L 04/21/2018 - 14:17:25: Server cvar "mp_mapvoteratio" = "0.66"
L 04/21/2018 - 14:17:25: Server cvar "mp_maxmoney" = "16000"
L 04/21/2018 - 14:17:25: Server cvar "mp_maxrounds" = "0"
L 04/21/2018 - 14:17:25: Server cvar "mp_mirrordamage" = "0"
L 04/21/2018 - 14:17:25: Server cvar "mp_old_bomb_defused_sound" = "1"
L 04/21/2018 - 14:17:25: Server cvar "mp_playerid" = "0"
L 04/21/2018 - 14:17:25: Server cvar "mp_respawn_immunitytime" = "0"
L 04/21/2018 - 14:17:25: Server cvar "mp_round_infinite" = "0"
L 04/21/2018 - 14:17:25: Server cvar "mp_round_restart_delay" = "5"
L 04/21/2018 - 14:17:25: Server cvar "mp_roundover" = "0"
L 04/21/2018 - 14:17:25: Server cvar "mp_roundtime" = "5"
L 04/21/2018 - 14:17:25: Server cvar "mp_show_radioicon" = "1"
L 04/21/2018 - 14:17:25: Server cvar "mp_startmoney" = "800"
L 04/21/2018 - 14:17:25: Server cvar "mp_timeleft" = "15:43"
L 04/21/2018 - 14:17:25: Server cvar "mp_timelimit" = "20"
L 04/21/2018 - 14:17:25: Server cvar "mp_tkpunish" = "0"
L 04/21/2018 - 14:17:25: Server cvar "mp_windifference" = "1"
L 04/21/2018 - 14:17:25: Server cvar "mp_winlimit" = "0"
L 04/21/2018 - 14:17:25: Server cvar "pausable" = "0"
L 04/21/2018 - 14:17:25: Server cvar "sv_accelerate" = "5"
L 04/21/2018 - 14:17:25: Server cvar "sv_aim" = "0"
L 04/21/2018 - 14:17:25: Server cvar "sv_airaccelerate" = "10"
L 04/21/2018 - 14:17:25: Server cvar "sv_allowupload" = "1"
L 04/21/2018 - 14:17:25: Server cvar "sv_alltalk" = "1"
L 04/21/2018 - 14:17:25: Server cvar "sv_bounce" = "1"
L 04/21/2018 - 14:17:25: Server cvar "sv_cheats" = "0"
L 04/21/2018 - 14:17:25: Server cvar "sv_clienttrace" = "1"
L 04/